<?xml version="1.0" encoding="UTF-8"?>
<!-- Generated by org.testng.reporters.JUnitReportReporter -->
<testsuite skipped="0" hostname="qaplanet-PC" name="testBase.ExecuteTests" tests="1" failures="0" timestamp="26 Apr 2019 07:10:31 GMT" time="34.178" errors="0">
  <testcase name="login" time="34.178" classname="testBase.ExecuteTests"/>
</testsuite> <!-- testBase.ExecuteTests -->
